<?xml version="1.0" encoding="UTF-8"?>
<!-- Generated by org.testng.reporters.JUnitReportReporter -->
<testsuite skipped="0" hostname="Veras-MacBook-Pro.local" name="com.prestashop.tests.wrongCredentialsTest" tests="4" failures="0" timestamp="21 Jun 2018 14:18:15 GMT" time="22.139" errors="0">
  <testcase name="invalidEmailTest" time="5.368" classname="com.prestashop.tests.wrongCredentialsTest"/>
  <testcase name="blankEmailTest" time="5.602" classname="com.prestashop.tests.wrongCredentialsTest"/>
  <testcase name="wrongLogin" time="6.026" classname="com.prestashop.tests.wrongCredentialsTest"/>
  <testcase name="blanckPassword" time="5.143" classname="com.prestashop.tests.wrongCredentialsTest"/>
</testsuite> <!-- com.prestashop.tests.wrongCredentialsTest -->
