<?xml version="1.0" encoding="UTF-8"?>
<!-- Generated by org.testng.reporters.JUnitReportReporter -->
<testsuite skipped="0" hostname="Veras-MacBook-Pro.local" name="com.prestashop.tests.PrestashopLoginNegativeScenarios" tests="1" failures="0" timestamp="20 Jun 2018 20:52:59 GMT" time="4.270" errors="0">
  <testcase name="setUp" time="4.270" classname="com.prestashop.tests.PrestashopLoginNegativeScenarios"/>
</testsuite> <!-- com.prestashop.tests.PrestashopLoginNegativeScenarios -->
